{
  "RSpec": {
    "coverage": {
      "/Users/guilhermef/projetos/home/ruby-thumbor/lib/ruby-thumbor.rb": [
        null,
        1,
        null,
        1,
        1,
        1,
        1,
        null,
        1,
        1,
        null,
        1,
        1,
        null,
        1,
        41,
        41,
        null,
        null,
        1,
        11,
        null,
        null,
        1,
        39,
        39,
        null,
        39,
        7,
        null,
        39,
        5,
        null,
        null,
        39,
        23,
        23,
        null,
        null,
        39,
        39,
        39,
        2,
        2,
        null,
        39,
        2,
        2,
        null,
        null,
        39,
        26,
        26,
        26,
        null,
        null,
        null,
        1,
        40,
        1,
        null,
        null,
        39,
        null,
        39,
        12,
        null,
        null,
        39,
        39,
        3,
        3,
        3,
        3,
        null,
        3,
        2,
        null,
        null,
        null,
        39,
        5,
        null,
        null,
        39,
        null,
        39,
        5,
        null,
        null,
        39,
        4,
        null,
        null,
        39,
        11,
        null,
        null,
        39,
        2,
        2,
        4,
        null,
        null,
        2,
        null,
        null,
        39,
        32,
        32,
        null,
        null,
        39,
        null,
        null,
        1,
        18,
        null,
        null,
        1,
        11,
        11,
        11,
        11,
        11,
        null,
        11,
        null,
        null,
        1,
        7,
        7,
        null,
        7,
        7,
        null,
        7,
        null,
        null,
        1,
        18,
        7,
        null,
        null,
        null,
        null
      ]
    },
    "timestamp": 1348284235
  }
}
